[debug] [2023-06-18T16:32:08.932Z] ----------------------------------------------------------------------
[debug] [2023-06-18T16:32:08.933Z] Command:       /usr/local/bin/node /usr/local/bin/firebase init
[debug] [2023-06-18T16:32:08.933Z] CLI Version:   12.4.0
[debug] [2023-06-18T16:32:08.934Z] Platform:      linux
[debug] [2023-06-18T16:32:08.934Z] Node Version:  v18.4.0
[debug] [2023-06-18T16:32:08.934Z] Time:          Sun Jun 18 2023 22:02:08 GMT+0530 (India Standard Time)
[debug] [2023-06-18T16:32:08.934Z] ----------------------------------------------------------------------
[debug] 
[debug] [2023-06-18T16:32:08.985Z] Object "" in "firebase.json" has unknown property: {"additionalProperty":"rewrites"}
[debug] [2023-06-18T16:32:08.987Z] > command requires scopes: ["email","openid","https://www.googleapis.com/auth/cloudplatformprojects.readonly","https://www.googleapis.com/auth/firebase","https://www.googleapis.com/auth/cloud-platform"]
[debug] [2023-06-18T16:32:08.988Z] > authorizing via signed-in user (agarvit1142000@gmail.com)
[debug] [2023-06-18T16:32:08.988Z] Object "" in "firebase.json" has unknown property: {"additionalProperty":"rewrites"}
[info] 
     ######## #### ########  ######## ########     ###     ######  ########
     ##        ##  ##     ## ##       ##     ##  ##   ##  ##       ##
     ######    ##  ########  ######   ########  #########  ######  ######
     ##        ##  ##    ##  ##       ##     ## ##     ##       ## ##
     ##       #### ##     ## ######## ########  ##     ##  ######  ########

You're about to initialize a Firebase project in this directory:

  /home/garvit/Desktop/toddle

Before we get started, keep in mind:

  * You are initializing within an existing Firebase project directory

